<?xml version="1.0" encoding="UTF-8"?>
<!-- Generated by org.testng.reporters.JUnitReportReporter -->
<testsuite hostname="adem.local" name="com.qa.hotels.tests.MainPageTest" tests="1" failures="0" timestamp="23 Jul 2020 20:19:41 GMT" time="6.896" errors="0">
  <testcase name="enteringInfoTest" time="6.896" classname="com.qa.hotels.tests.MainPageTest"/>
</testsuite> <!-- com.qa.hotels.tests.MainPageTest -->
