<?xml version="1.0" encoding="UTF-8"?>
<!-- Generated by org.testng.reporters.JUnitReportReporter -->
<testsuite hostname="adem.local" name="com.qa.hotels.tests.HiltonIn3StarsTest" tests="2" failures="0" timestamp="22 Jul 2020 17:17:01 GMT" time="5.565" errors="0">
  <testcase name="hotelListAndCheckHiltonTest" time="0.183" classname="com.qa.hotels.tests.HiltonIn3StarsTest"/>
  <testcase name="clickThreeStarTest" time="5.382" classname="com.qa.hotels.tests.HiltonIn3StarsTest"/>
</testsuite> <!-- com.qa.hotels.tests.HiltonIn3StarsTest -->
