<?xml version="1.0" encoding="UTF-8"?>
<!-- Generated by org.testng.reporters.JUnitReportReporter -->
<testsuite hostname="adem.local" name="com.qa.hotels.tests.SecondPageTest" tests="1" failures="0" timestamp="24 Jul 2020 03:42:29 GMT" time="182.853" errors="0">
  <testcase name="click3StarTest" time="182.853" classname="com.qa.hotels.tests.SecondPageTest"/>
</testsuite> <!-- com.qa.hotels.tests.SecondPageTest -->
