<?xml version="1.0" encoding="UTF-8"?>
<!-- Generated by org.testng.reporters.JUnitReportReporter -->
<testsuite hostname="adem.local" name="com.qa.hotels.tests.get3StarHotelNameTest" tests="2" failures="0" timestamp="23 Jul 2020 03:44:48 GMT" time="0.791" errors="0">
  <testcase name="click3StarTest" time="0.331" classname="com.qa.hotels.tests.get3StarHotelNameTest"/>
  <testcase name="hotelListAndCheckHiltonTest" time="0.460" classname="com.qa.hotels.tests.get3StarHotelNameTest"/>
</testsuite> <!-- com.qa.hotels.tests.get3StarHotelNameTest -->
