<?xml version="1.0" encoding="UTF-8"?>
<!-- Generated by org.testng.reporters.JUnitReportReporter -->
<testsuite hostname="adem.local" name="com.qa.hotels.tests.HotelPageTest" tests="1" failures="0" timestamp="27 Jul 2020 23:21:54 GMT" time="44.154" errors="0">
  <testcase name="get3StarHotelTest" time="44.154" classname="com.qa.hotels.tests.HotelPageTest"/>
</testsuite> <!-- com.qa.hotels.tests.HotelPageTest -->
